<?xml version="1.0" encoding="UTF-8"?>
<!-- Generated by org.testng.reporters.JUnitReportReporter -->
<testsuite skipped="0" hostname="ChandanPC" name="com.fullstack.batch3.APITest" tests="2" failures="0" timestamp="13 Sep 2020 07:07:45 GMT" time="11.973" errors="0">
  <testcase name="testLoginAPI" time="9.470" classname="com.fullstack.batch3.APITest"/>
  <testcase name="testDashboardAPI" time="2.503" classname="com.fullstack.batch3.APITest"/>
</testsuite> <!-- com.fullstack.batch3.APITest -->
